***** Start time: 1539255855561
Total Products Count: 280
http://www.kraftrecipes.com/blog/author/kraft-recipes/
http://www.kraftrecipes.com/blog/author/kraft-recipes/
http://www.kraftrecipes.com/blog/author/kraft-recipes/
http://www.kraftrecipes.com/blog/author/kraft-recipes/
http://www.kraftrecipes.com/blog/author/kraft-recipes/
http://www.kraftrecipes.com/blog/author/kraft-recipes/
http://www.kraftrecipes.com/blog/author/kraft-recipes/
http://www.kraftrecipes.com/blog/author/kraft-recipes/
http://www.kraftrecipes.com/blog/author/kraft-recipes/
http://www.kraftrecipes.com/blog/author/kraft-recipes/
http://www.kraftrecipes.com/blog/author/kraft-recipes/
http://www.kraftrecipes.com/blog/author/kraft-recipes/
http://www.kraftrecipes.com/blog/author/christi-johnstone/
http://www.kraftrecipes.com/blog/author/becca-thiele/
http://www.kraftrecipes.com/blog/author/kraft-recipes/
http://www.kraftrecipes.com/blog/author/kraft-recipes/
http://www.kraftrecipes.com/blog/author/kraft-recipes/
http://www.kraftrecipes.com/blog/author/liz-mays/
http://www.kraftrecipes.com/blog/author/kraft-recipes/
http://www.kraftrecipes.com/blog/author/kraft-recipes/
http://www.kraftrecipes.com/blog/author/kraft-recipes/
http://www.kraftrecipes.com/blog/author/kraft-recipes/
http://www.kraftrecipes.com/blog/author/kraft-recipes/
http://www.kraftrecipes.com/blog/author/becca-thiele/
http://www.kraftrecipes.com/blog/author/christi-johnstone/
http://www.kraftrecipes.com/blog/author/liz-mays/
http://www.kraftrecipes.com/blog/author/kraft-recipes/
http://www.kraftrecipes.com/blog/author/kraft-recipes/
http://www.kraftrecipes.com/blog/author/kraft-recipes/
http://www.kraftrecipes.com/blog/author/kraft-recipes/
http://www.kraftrecipes.com/blog/author/kraft-recipes/
http://www.kraftrecipes.com/blog/author/kraft-recipes/
http://www.kraftrecipes.com/blog/author/kraft-recipes/
http://www.kraftrecipes.com/blog/author/kraft-recipes/
http://www.kraftrecipes.com/blog/author/kraft-recipes/
http://www.kraftrecipes.com/blog/author/kraft-recipes/
http://www.kraftrecipes.com/blog/author/kraft-recipes/
http://www.kraftrecipes.com/blog/author/kraft-recipes/
http://www.kraftrecipes.com/blog/author/kraft-recipes/
http://www.kraftrecipes.com/blog/author/kraft-recipes/
http://www.kraftrecipes.com/blog/author/kraft-recipes/
http://www.kraftrecipes.com/blog/author/kraft-recipes/
http://www.kraftrecipes.com/blog/author/kraft-recipes/
http://www.kraftrecipes.com/blog/author/kraft-recipes/
http://www.kraftrecipes.com/blog/author/kraft-recipes/
http://www.kraftrecipes.com/blog/author/kraft-recipes/
http://www.kraftrecipes.com/blog/author/kraft-recipes/
http://www.kraftrecipes.com/blog/author/kraft-recipes/
http://www.kraftrecipes.com/blog/author/kraft-recipes/
http://www.kraftrecipes.com/blog/author/kraft-recipes/
http://www.kraftrecipes.com/blog/author/kraft-recipes/
http://www.kraftrecipes.com/blog/author/kraft-recipes/
http://www.kraftrecipes.com/blog/author/kraft-recipes/
http://www.kraftrecipes.com/blog/author/kraft-recipes/
http://www.kraftrecipes.com/blog/author/kraft-recipes/
http://www.kraftrecipes.com/blog/author/kraft-recipes/
http://www.kraftrecipes.com/blog/author/kraft-recipes/
http://www.kraftrecipes.com/blog/author/kraft-recipes/
http://www.kraftrecipes.com/blog/author/kraft-recipes/
http://www.kraftrecipes.com/blog/author/kraft-recipes/
http://www.kraftrecipes.com/blog/author/kraft-recipes/
http://www.kraftrecipes.com/blog/author/kraft-recipes/
http://www.kraftrecipes.com/blog/author/kraft-recipes/
http://www.kraftrecipes.com/blog/author/kraft-recipes/
http://www.kraftrecipes.com/blog/author/kraft-recipes/
http://www.kraftrecipes.com/blog/author/kraft-recipes/
http://www.kraftrecipes.com/blog/author/kraft-recipes/
http://www.kraftrecipes.com/blog/author/kraft-recipes/
http://www.kraftrecipes.com/blog/author/kraft-recipes/
http://www.kraftrecipes.com/blog/author/kraft-recipes/
http://www.kraftrecipes.com/blog/author/kraft-recipes/
http://www.kraftrecipes.com/blog/author/kraft-recipes/
http://www.kraftrecipes.com/blog/author/kraft-recipes/
http://www.kraftrecipes.com/blog/author/kraft-recipes/
http://www.kraftrecipes.com/blog/author/kraft-recipes/
http://www.kraftrecipes.com/blog/author/kraft-recipes/
http://www.kraftrecipes.com/blog/author/kraft-recipes/
http://www.kraftrecipes.com/blog/author/kraft-recipes/
http://www.kraftrecipes.com/blog/author/kraft-recipes/
http://www.kraftrecipes.com/blog/author/kraft-recipes/
http://www.kraftrecipes.com/blog/author/kraft-recipes/
http://www.kraftrecipes.com/blog/author/gina-lincicum/
http://www.kraftrecipes.com/blog/author/kraft-recipes/
http://www.kraftrecipes.com/blog/author/kraft-recipes/
http://www.kraftrecipes.com/blog/author/kraft-recipes/
http://www.kraftrecipes.com/blog/author/kraft-recipes/
http://www.kraftrecipes.com/blog/author/kraft-recipes/
http://www.kraftrecipes.com/blog/author/kraft-recipes/
http://www.kraftrecipes.com/blog/author/kraft-recipes/
http://www.kraftrecipes.com/blog/author/becky-tarala/
http://www.kraftrecipes.com/blog/author/heather-hands/
http://www.kraftrecipes.com/blog/author/kraft-recipes/
http://www.kraftrecipes.com/blog/author/kraft-recipes/
http://www.kraftrecipes.com/blog/author/paula-jones/
http://www.kraftrecipes.com/blog/author/nicole-washington/
http://www.kraftrecipes.com/blog/author/kraft-recipes/
http://www.kraftrecipes.com/blog/author/kraft-recipes/
http://www.kraftrecipes.com/blog/author/kraft-recipes/
http://www.kraftrecipes.com/blog/author/kraft-recipes/
http://www.kraftrecipes.com/blog/author/kraft-recipes/
http://www.kraftrecipes.com/blog/author/kraft-recipes/
http://www.kraftrecipes.com/blog/author/liz-mays/
http://www.kraftrecipes.com/blog/author/julia-jolliff/
http://www.kraftrecipes.com/blog/author/heather-hands/
http://www.kraftrecipes.com/blog/author/kraft-recipes/
http://www.kraftrecipes.com/blog/author/kraft-recipes/
http://www.kraftrecipes.com/blog/author/kraft-recipes/
http://www.kraftrecipes.com/blog/author/angie-mcgowan/
http://www.kraftrecipes.com/blog/author/penelope-guzman/
http://www.kraftrecipes.com/blog/author/susan-whetzel/
http://www.kraftrecipes.com/blog/author/emilie-pianfetti/
http://www.kraftrecipes.com/blog/author/tracey-harrelson/
http://www.kraftrecipes.com/blog/author/kraft-recipes/
http://www.kraftrecipes.com/blog/author/meagan-wied/
http://www.kraftrecipes.com/blog/author/kraft-recipes/
http://www.kraftrecipes.com/blog/author/kraft-recipes/
http://www.kraftrecipes.com/blog/author/angela-sanchez-robles/
http://www.kraftrecipes.com/blog/author/paula-jones/
http://www.kraftrecipes.com/blog/author/kraft-recipes/
http://www.kraftrecipes.com/blog/author/kraft-recipes/
http://www.kraftrecipes.com/blog/author/kraft-recipes/
http://www.kraftrecipes.com/blog/author/carrie-robinson/
http://www.kraftrecipes.com/blog/author/kraft-recipes/
http://www.kraftrecipes.com/blog/author/kraft-recipes/
http://www.kraftrecipes.com/blog/author/kraft-recipes/
http://www.kraftrecipes.com/blog/author/kraft-recipes/
http://www.kraftrecipes.com/blog/author/paula-jones/
http://www.kraftrecipes.com/blog/author/kraft-recipes/
http://www.kraftrecipes.com/blog/author/tracey-harrelson/
http://www.kraftrecipes.com/blog/author/kraft-recipes/
http://www.kraftrecipes.com/blog/author/becky-tarala/
http://www.kraftrecipes.com/blog/author/kraft-recipes/
http://www.kraftrecipes.com/blog/author/emilie-pianfetti/
http://www.kraftrecipes.com/blog/author/becky-tarala/
http://www.kraftrecipes.com/blog/author/heather-hands/
http://www.kraftrecipes.com/blog/author/meagan-wied/
http://www.kraftrecipes.com/blog/author/kraft-recipes/
http://www.kraftrecipes.com/blog/author/julia-jolliff/
http://www.kraftrecipes.com/blog/author/gina-lincicum/
http://www.kraftrecipes.com/blog/author/carrie-robinson/
http://www.kraftrecipes.com/blog/author/kraft-recipes/
http://www.kraftrecipes.com/blog/author/kraft-recipes/
http://www.kraftrecipes.com/blog/author/kraft-recipes/
http://www.kraftrecipes.com/blog/author/kraft-recipes/
http://www.kraftrecipes.com/blog/author/liz-mays/
http://www.kraftrecipes.com/blog/author/kraft-recipes/
http://www.kraftrecipes.com/blog/author/nicole-washington/
http://www.kraftrecipes.com/blog/author/kraft-recipes/
http://www.kraftrecipes.com/blog/author/kraft-recipes/
http://www.kraftrecipes.com/blog/author/kraft-recipes/
http://www.kraftrecipes.com/blog/author/kraft-recipes/
http://www.kraftrecipes.com/blog/author/liz-mays/
http://www.kraftrecipes.com/blog/author/kraft-recipes/
http://www.kraftrecipes.com/blog/author/penelope-guzman/
http://www.kraftrecipes.com/blog/author/kraft-recipes/
http://www.kraftrecipes.com/blog/author/susan-whetzel/
http://www.kraftrecipes.com/blog/author/heather-hands/
http://www.kraftrecipes.com/blog/author/kraft-recipes/
http://www.kraftrecipes.com/blog/author/kraft-recipes/
http://www.kraftrecipes.com/blog/author/meagan-wied/
http://www.kraftrecipes.com/blog/author/penelope-guzman/
http://www.kraftrecipes.com/blog/author/angela-sanchez-robles/
http://www.kraftrecipes.com/blog/author/angela-sanchez-robles/
http://www.kraftrecipes.com/blog/author/kraft-recipes/
http://www.kraftrecipes.com/blog/author/kraft-recipes/
http://www.kraftrecipes.com/blog/author/gina-lincicum/
http://www.kraftrecipes.com/blog/author/kraft-recipes/
http://www.kraftrecipes.com/blog/author/carrie-robinson/
http://www.kraftrecipes.com/blog/author/angie-mcgowan/
http://www.kraftrecipes.com/blog/author/tracey-harrelson/
http://www.kraftrecipes.com/blog/author/kraft-recipes/
http://www.kraftrecipes.com/blog/author/kraft-recipes/
http://www.kraftrecipes.com/blog/author/julia-jolliff/
http://www.kraftrecipes.com/blog/author/emilie-pianfetti/
http://www.kraftrecipes.com/blog/author/gina-lincicum/
http://www.kraftrecipes.com/blog/author/becky-tarala/
http://www.kraftrecipes.com/blog/author/kraft-recipes/
http://www.kraftrecipes.com/blog/author/kraft-recipes/
http://www.kraftrecipes.com/blog/author/kraft-recipes/
http://www.kraftrecipes.com/blog/author/kraft-recipes/
http://www.kraftrecipes.com/blog/author/kraft-recipes/
http://www.kraftrecipes.com/blog/author/meagan-wied/
http://www.kraftrecipes.com/blog/author/carrie-robinson/
http://www.kraftrecipes.com/blog/author/angie-mcgowan/
http://www.kraftrecipes.com/blog/author/liz-mays/
http://www.kraftrecipes.com/blog/author/heather-hands/
http://www.kraftrecipes.com/blog/author/tracey-harrelson/
http://www.kraftrecipes.com/blog/author/nicole-washington/
http://www.kraftrecipes.com/blog/author/emilie-pianfetti/
http://www.kraftrecipes.com/blog/author/kraft-recipes/
http://www.kraftrecipes.com/blog/author/kraft-recipes/
http://www.kraftrecipes.com/blog/author/kraft-recipes/
http://www.kraftrecipes.com/blog/author/becky-tarala/
http://www.kraftrecipes.com/blog/author/kraft-recipes/
http://www.kraftrecipes.com/blog/author/kraft-recipes/
http://www.kraftrecipes.com/blog/author/nicole-washington/
http://www.kraftrecipes.com/blog/author/angela-sanchez-robles/
http://www.kraftrecipes.com/blog/author/julia-jolliff/
http://www.kraftrecipes.com/blog/author/kraft-recipes/
http://www.kraftrecipes.com/blog/author/kraft-recipes/
http://www.kraftrecipes.com/blog/author/kraft-recipes/
http://www.kraftrecipes.com/blog/author/kraft-recipes/
http://www.kraftrecipes.com/blog/author/kraft-recipes/
http://www.kraftrecipes.com/blog/author/kraft-recipes/
http://www.kraftrecipes.com/blog/author/kraft-recipes/
http://www.kraftrecipes.com/blog/author/heather-hands/
http://www.kraftrecipes.com/blog/author/liz-mays/
http://www.kraftrecipes.com/blog/author/kraft-recipes/
http://www.kraftrecipes.com/blog/author/kraft-recipes/
http://www.kraftrecipes.com/blog/author/julia-jolliff/
http://www.kraftrecipes.com/blog/author/kraft-recipes/
http://www.kraftrecipes.com/blog/author/kraft-recipes/
http://www.kraftrecipes.com/blog/author/penelope-guzman/
http://www.kraftrecipes.com/blog/author/kraft-recipes/
http://www.kraftrecipes.com/blog/author/meagan-wied/
http://www.kraftrecipes.com/blog/author/carrie-robinson/
http://www.kraftrecipes.com/blog/author/tracey-harrelson/
http://www.kraftrecipes.com/blog/author/angela-sanchez-robles/
http://www.kraftrecipes.com/blog/author/nicole-washington/
http://www.kraftrecipes.com/blog/author/emilie-pianfetti/
http://www.kraftrecipes.com/blog/author/gina-lincicum/
http://www.kraftrecipes.com/blog/author/kraft-recipes/
http://www.kraftrecipes.com/blog/author/kraft-recipes/
http://www.kraftrecipes.com/blog/author/kraft-recipes/
http://www.kraftrecipes.com/blog/author/gina-lincicum/
http://www.kraftrecipes.com/blog/author/kraft-recipes/
http://www.kraftrecipes.com/blog/author/gina-lincicum/
http://www.kraftrecipes.com/blog/author/kraft-recipes/
http://www.kraftrecipes.com/blog/author/kraft-recipes/
http://www.kraftrecipes.com/blog/author/kraft-recipes/
http://www.kraftrecipes.com/blog/author/kraft-recipes/
http://www.kraftrecipes.com/blog/author/tracey-harrelson/
http://www.kraftrecipes.com/blog/author/kraft-recipes/
http://www.kraftrecipes.com/blog/author/kraft-recipes/
http://www.kraftrecipes.com/blog/author/kraft-recipes/
http://www.kraftrecipes.com/blog/author/kraft-recipes/
http://www.kraftrecipes.com/blog/author/angela-sanchez-robles/
http://www.kraftrecipes.com/blog/author/angie-mcgowan/
http://www.kraftrecipes.com/blog/author/penelope-guzman/
http://www.kraftrecipes.com/blog/author/liz-mays/
http://www.kraftrecipes.com/blog/author/heather-hands/
http://www.kraftrecipes.com/blog/author/carrie-robinson/
http://www.kraftrecipes.com/blog/author/meagan-wied/
http://www.kraftrecipes.com/blog/author/becky-tarala/
http://www.kraftrecipes.com/blog/author/angie-mcgowan/
http://www.kraftrecipes.com/blog/author/kraft-recipes/
http://www.kraftrecipes.com/blog/author/becky-tarala/
http://www.kraftrecipes.com/blog/author/meagan-wied/
http://www.kraftrecipes.com/blog/author/tracey-harrelson/
http://www.kraftrecipes.com/blog/author/nicole-washington/
http://www.kraftrecipes.com/blog/author/kraft-recipes/
http://www.kraftrecipes.com/blog/author/kraft-recipes/
http://www.kraftrecipes.com/blog/author/liz-mays/
http://www.kraftrecipes.com/blog/author/kraft-recipes/
http://www.kraftrecipes.com/blog/author/julia-jolliff/
http://www.kraftrecipes.com/blog/author/penelope-guzman/
http://www.kraftrecipes.com/blog/author/kraft-recipes/
http://www.kraftrecipes.com/blog/author/gina-lincicum/
http://www.kraftrecipes.com/blog/author/carrie-robinson/
http://www.kraftrecipes.com/blog/author/heather-hands/
http://www.kraftrecipes.com/blog/author/kraft-recipes/
http://www.kraftrecipes.com/blog/author/kraft-recipes/
http://www.kraftrecipes.com/blog/author/angela-sanchez-robles/
http://www.kraftrecipes.com/blog/author/kraft-recipes/
http://www.kraftrecipes.com/blog/author/kraft-recipes/
http://www.kraftrecipes.com/blog/author/laura-powell/
http://www.kraftrecipes.com/blog/author/kraft-recipes/
http://www.kraftrecipes.com/blog/author/kraft-recipes/
http://www.kraftrecipes.com/blog/author/kraft-recipes/
http://www.kraftrecipes.com/blog/author/georgia-johnson/
http://www.kraftrecipes.com/blog/author/tieghan-gerard/
http://www.kraftrecipes.com/blog/author/kraft-recipes/
http://www.kraftrecipes.com/blog/author/kraft-recipes/
http://www.kraftrecipes.com/blog/author/crissy-page/
http://www.kraftrecipes.com/blog/author/kraft-recipes/
http://www.kraftrecipes.com/blog/author/kraft-recipes/
http://www.kraftrecipes.com/blog/author/laura-powell/
http://www.kraftrecipes.com/blog/author/crissy-page/
http://www.kraftrecipes.com/blog/author/tieghan-gerard/
http://www.kraftrecipes.com/blog/author/georgia-johnson/
End time: 1539256036020