
00029000017337	Snacks, Cookies & Chips	Planters	Nuts	Pistachio	
00029000023796	Snacks, Cookies & Chips	Planters	Nuts	Peanuts	
00029000024045	Snacks, Cookies & Chips	Planters	Nuts	Peanuts	
00029000023772	Snacks, Cookies & Chips	Planters	Nuts	Peanuts	
00029000024021	Snacks, Cookies & Chips	Planters	Nuts	Peanuts	
00029000016170	Snacks	PLANTERS DELUXE	Nuts and Trail Mixes	
00029000017498	Snacks, Cookies & Chips	Planters	Nuts	Macadamia Nuts	
00029000023161	Snacks, Cookies & Chips	Planters	Nuts	Mixed Nuts	
00029000023185	Snacks, Cookies & Chips	Planters	Nuts	Mixed Nuts	
00029000021037	Snacks, Cookies & Chips	Planters	Trail Mixes	
00029000023864	Snacks, Cookies & Chips	Planters	Cheese Snacks	
00029000021013	Snacks, Cookies & Chips	Planters	Nuts	Mixed Nuts	
00029000019614	Snacks, Cookies & Chips	Planters	Nuts	Peanuts	
00029000011496	Snacks, Cookies & Chips	Planters	Nuts	Mixed Nuts	
00029000019461	Snacks, Cookies & Chips	Planters	Nuts	Peanuts	
00029000078802	Snacks, Cookies & Chips	Planters	Nuts	Mixed Nuts	
00029000019485	Snacks, Cookies & Chips	Planters	Nuts	Peanuts	
00029000016668	Snacks, Cookies & Chips	Planters	Nuts	Mixed Nuts	
00029000073678	Snacks, Cookies & Chips	Planters	Nuts	Mixed Nuts	
00029000020498	
00029000073258	Snacks, Cookies & Chips	Planters	Nuts	Peanuts	
00029000012585	Snacks, Cookies & Chips	Planters	Nuts	Peanuts	
00029000018235	Snacks, Cookies & Chips	Planters	Nuts	Mixed Nuts	
00029000072121	Snacks, Cookies & Chips	Planters	Nuts	Peanuts	
00029000079069	Snacks, Cookies & Chips	Planters	Nuts	Peanuts	
00029000016200	Snacks, Cookies & Chips	Planters	Nuts	Mixed Nuts	
00029000072503	Snacks, Cookies & Chips	Planters	Nuts	Peanuts	
00029000023871	Snacks, Cookies & Chips	Planters	Cheese Snacks	
00029000019492	Snacks, Cookies & Chips	Planters	Nuts	Peanuts	
00029000072190	Snacks, Cookies & Chips	Planters	Nuts	Mixed Nuts	
00029000016132	Snacks, Cookies & Chips	Planters	Nuts	Cashews	
00029000071858	Snacks, Cookies & Chips	Planters	Nuts	Peanuts	
00029000018242	Snacks, Cookies & Chips	Planters	Nuts	Mixed Nuts	
00029000021112	Snacks, Cookies & Chips	Planters	Trail Mixes	
00029000020986	Snacks, Cookies & Chips	Planters	Nuts	Mixed Nuts	
00029000078277	Baking & Desserts	Planters	Oils	Peanut Oil	
00029000017269	Snacks, Cookies & Chips	Planters	Nuts	Mixed Nuts	
00029000023192	Snacks, Cookies & Chips	Planters	Nuts	Mixed Nuts	
00029000076501	Snacks, Cookies & Chips	Planters	Nuts	Peanuts	
00029000012462	Snacks, Cookies & Chips	Planters	Nuts	Mixed Nuts	
00029000021327	Snacks, Cookies & Chips	Planters	Nuts	Mixed Nuts	
00029000016699	Snacks, Cookies & Chips	Planters	Nuts	Mixed Nuts	
00029000078789	Snacks, Cookies & Chips	Planters	Nuts	Mixed Nuts	
00029000019454	Snacks, Cookies & Chips	Planters	Nuts	Peanuts	
00029000010062	Snacks, Cookies & Chips	Planters	Trail Mixes	
00029000019478	Snacks, Cookies & Chips	Planters	Nuts	Peanuts	
00029000016651	Snacks, Cookies & Chips	Planters	Nuts	Mixed Nuts	
00029000024052	Snacks, Cookies & Chips	Planters	Nuts	Peanuts	
00029000073241	Snacks, Cookies & Chips	Planters	Nuts	Peanuts	
00029000021655	Snacks, Cookies & Chips	Planters	Nuts	Mixed Nuts	
00029000074149	Snacks, Cookies & Chips	Planters	Nuts	Mixed Nuts	
00029000078628	Snacks, Cookies & Chips	Planters	Nuts	Mixed Nuts	
00029000017061	Snacks, Cookies & Chips	Planters	Nuts	Pistachio	
00029000014374	Snacks, Cookies & Chips	Planters	Nuts	Mixed Nuts	
00029000020511	Snacks, Cookies & Chips	Planters	Nuts	Mixed Nuts	
00029000073456	Snacks, Cookies & Chips	Planters	Nuts	Peanuts	
00029000023154	Snacks, Cookies & Chips	Planters	Nuts	Mixed Nuts	
00029000023178	Snacks, Cookies & Chips	Planters	Nuts	Mixed Nuts	
00029000016187	Snacks, Cookies & Chips	Planters	Nuts	Mixed Nuts	
00029000021006	Snacks, Cookies & Chips	Planters	Nuts	Mixed Nuts	
00029000071582	Snacks	Planters	Nuts and Trail Mixes	
00029000016217	Snacks, Cookies & Chips	Planters	Nuts	Mixed Nuts	
00029000020764	Snacks, Cookies & Chips	Planters	Nuts	Mixed Nuts	
00029000018747	Snacks, Cookies & Chips	Planters	Nuts	Mixed Nuts	
00029000010024	Snacks, Cookies & Chips	Planters	Nuts	Peanuts	
00029000023789	Snacks, Cookies & Chips	Planters	Nuts	Peanuts	
00029000021334	Snacks, Cookies & Chips	Planters	Nuts	Cashews	
00029000075375	Snacks, Cookies & Chips	Planters	Nuts	Peanuts	
00029000090392	Snacks, Cookies & Chips	Planters	Nuts	Cashews	
00029000023741	Snacks, Cookies & Chips	Planters	Nuts	Peanuts	
00029000077362	Snacks, Cookies & Chips	Planters	Nuts	Walnuts	
00029000024038	Snacks, Cookies & Chips	Planters	Nuts	Peanuts	
00029000019386	Snacks, Cookies & Chips	Planters	Nuts	Mixed Nuts	
00029000059573	Snacks, Cookies & Chips	Planters	Nuts	Mixed Nuts	
00029000079588	Snacks, Cookies & Chips	Planters	Nuts	Peanuts	
00029000016682	Snacks, Cookies & Chips	Planters	Nuts	Mixed Nuts	
00029000020993	Snacks, Cookies & Chips	Planters	Nuts	Mixed Nuts	
00029000016521	Snacks, Cookies & Chips	Planters	Nuts	Peanuts	
00029000016071	Snacks, Cookies & Chips	Planters	Nuts	Cashews	
00029000019829	Snacks, Cookies & Chips	Planters	Nuts	Peanuts	
00029000016095	Snacks, Cookies & Chips	Planters	Nuts	Cashews	
00029000093935	Snacks, Cookies & Chips	Planters	Nuts	Cashews	
00029000021686	Snacks, Cookies & Chips	Planters	Nuts	Mixed Nuts	
00029000019843	Snacks, Cookies & Chips	Planters	Nuts	Almonds	
00029000019645	Snacks, Cookies & Chips	Planters	Nuts	Peanuts	
00029000074415	Snacks, Cookies & Chips	Planters	Nuts	Cashews	
00029000017115	Snacks, Cookies & Chips	Planters	Nuts	Pistachio	
00029000076822	Snacks, Cookies & Chips	Planters	Nuts	Peanuts	
00029000015463	Snacks, Cookies & Chips	Planters	Nuts	Sunflower Seeds	
00029000010390	Snacks, Cookies & Chips	Planters	Nuts	Peanuts	
00029000075382	Snacks, Cookies & Chips	Planters	Nuts	Cashews	
00029000073593	Snacks, Cookies & Chips	Planters	Nuts	Cashews	
00029000017993	Snacks, Cookies & Chips	Planters	Nuts	Cashews	
00029000013711	Snacks, Cookies & Chips	Planters	Nuts	Walnuts	
00029000021280	Snacks, Cookies & Chips	Planters	Nuts	Cashews	
00029000016415	Snacks, Cookies & Chips	Planters	Nuts	Pecans	
00029000016118	Snacks	Planters	Nuts and Trail Mixes	
10029000023120	
00029000019034	Snacks, Cookies & Chips	Planters	Nuts	Cashews	
00029000074361	Snacks, Cookies & Chips	Planters	Nuts	Cashews	
00029000071575	Snacks	Planters	Nuts and Trail Mixes	
00029000072091	Snacks, Cookies & Chips	Planters	Nuts	Peanuts	
10029000023144	
00029000076853	Snacks, Cookies & Chips	Planters	Nuts	Cashews	
00029000016538	Snacks, Cookies & Chips	Planters	Nuts	Peanuts	
00029000073302	Snacks, Cookies & Chips	Planters	Nuts	Peanuts	
00029000016477	Snacks, Cookies & Chips	Planters	Nuts	Cashews	
00029000016156	Snacks, Cookies & Chips	Planters	Nuts	Cashews	
00029000012714	Snacks, Cookies & Chips	Planters	Nuts	Sunflower Seeds	
00029000021990	Snacks, Cookies & Chips	Planters	Nuts	Almonds	
00029000017986	Snacks, Cookies & Chips	Planters	Nuts	Mixed Nuts	
00029000019836	Snacks, Cookies & Chips	Planters	Nuts	Mixed Nuts	
10029000023090	
00029000010260	Snacks, Cookies & Chips	Planters	Nuts	Cashews	
00029000019850	Snacks, Cookies & Chips	Planters	Nuts	Mixed Nuts	
00029000016149	Snacks, Cookies & Chips	Planters	Nuts	Cashews	
00029000020092	Snacks	Planters	Nuts and Trail Mixes	
00029000072145	Snacks, Cookies & Chips	Planters	Nuts	Peanuts	
00029000021723	Snacks, Cookies & Chips	Planters	Nuts	Cashews	
00029000075689	Snacks, Cookies & Chips	Planters	Nuts	Cashews	
00029000016460	Snacks, Cookies & Chips	Planters	Nuts	Cashews	
00029000016125	Snacks, Cookies & Chips	Planters	Nuts	Cashews	
10029000023113	
00029000016088	Snacks, Cookies & Chips	Planters	Nuts	Cashews	
00029000074491	Snacks, Cookies & Chips	Planters	Nuts	Cashews	
00029000074491	Snacks, Cookies & Chips	Planters	Nuts	Cashews	