
00044700021118	Meats & Meat Alternatives	Oscar Mayer	Bacon	
00044700072813	Meats & Meat Alternatives	Oscar Mayer	Ham	
00044700009758	Meats & Meat Alternatives	Oscar Mayer	Bologna	
00044700011836	Meats & Meat Alternatives	Oscar Mayer	Ham	
00044700002667	Meats & Meat Alternatives	Oscar Mayer	Hot Dogs & Franks	
00044700073551	Meats & Meat Alternatives	Oscar Mayer	Bacon	
00044700021323	Meats & Meat Alternatives	Oscar Mayer	Bacon	
00044700091708	Meats & Meat Alternatives	Oscar Mayer	Turkey	
00044700091425	Meats & Meat Alternatives	Oscar Mayer	Ham	
00044700030684	Meats & Meat Alternatives	Oscar Mayer	Ham	
00071871548793	Meats & Meat Alternatives	Oscar Mayer	Bacon	
00044700008850	Meats & Meat Alternatives	Oscar Mayer	Bologna	
00044700096192	Frozen	Oscar Mayer	Frozen Meals & Entrees	
00044700019900	Meats & Meat Alternatives	Oscar Mayer	Bacon	
00044700030547	Meats & Meat Alternatives	Oscar Mayer	Ham	
00044700094440	Snacks, Cookies & Chips	Oscar Mayer	Snack Combos, Plates & Protein Packs	
00044700064375	Meats & Meat Alternatives	Oscar Mayer	Turkey	
00044700068410	Meats & Meat Alternatives	Oscar Mayer	Bacon	
00044700067888	Meats & Meat Alternatives	Oscar Mayer	Bacon	
00044700022634	Meats & Meat Alternatives	Oscar Mayer	Bacon	
00044700063378	Meats & Meat Alternatives	Oscar Mayer	Bacon	
00044700009000	Meats & Meat Alternatives	Oscar Mayer	Bologna	
00044700020067	Meats & Meat Alternatives	Oscar Mayer	Bacon	
00044700076330	Meats & Meat Alternatives	Oscar Mayer	Bacon	
00044700076354	Meats & Meat Alternatives	Oscar Mayer	Turkey	
00044700031407	Meats & Meat Alternatives	Oscar Mayer	Bacon	
00044700091722	Meats & Meat Alternatives	Oscar Mayer	Turkey	
00044700030509	Meats & Meat Alternatives	Oscar Mayer	Turkey	
00044700008775	Meats & Meat Alternatives	Oscar Mayer	Bologna	
00044700019764	Meats & Meat Alternatives	Oscar Mayer	Bacon	
00044700076422	Meats & Meat Alternatives	Oscar Mayer	Turkey	
00044700022566	Meats & Meat Alternatives	Oscar Mayer	Bacon	
00044700009277	Meats & Meat Alternatives	Oscar Mayer	Bologna	
00044700092996	Meats & Meat Alternatives	Oscar Mayer	Pork	
00044700096017	Meats & Meat Alternatives	Oscar Mayer	Hot Dogs & Franks	
00044700070154	Meats & Meat Alternatives	Oscar Mayer	Bologna	
00044700073537	Meats & Meat Alternatives	Oscar Mayer	Turkey	
00044700031285	Meats & Meat Alternatives	Oscar Mayer	Turkey	
00044700029664	Meats & Meat Alternatives	Oscar Mayer	Bacon	
00044700032503	Meats & Meat Alternatives	Oscar Mayer	Turkey	
00044700078891	Meats & Meat Alternatives	Oscar Mayer	Ham	
00044700030950	Meats & Meat Alternatives	Oscar Mayer	Turkey	
00044700075692	Meats & Meat Alternatives	Oscar Mayer	Bacon	
00044700087626	Meats & Meat Alternatives	Oscar Mayer	Turkey	
00044700030530	Meats & Meat Alternatives	Oscar Mayer	Turkey	
00071871000383	Meats & Meat Alternatives	Oscar Mayer	Bacon	
00044700011638	Meats & Meat Alternatives	Oscar Mayer	Ham	
00044700096161	Meats & Meat Alternatives	Oscar Mayer	Hot Dogs & Franks	
00044700064481	Meats & Meat Alternatives	Oscar Mayer	Turkey	
00044700031599	Meats & Meat Alternatives	Oscar Mayer	Chicken	
00044700032527	Meats & Meat Alternatives	Oscar Mayer	Ham	
00044700019917	Meats & Meat Alternatives	Oscar Mayer	Bacon	
00044700010129	Meats & Meat Alternatives	Oscar Mayer	Bologna	
00044700066478	Meats & Meat Alternatives	Oscar Mayer	Bacon	
00044700008706	Meats & Meat Alternatives	Oscar Mayer	Bologna	
00044700096000	Frozen	Oscar Mayer	Frozen Meals & Entrees	
00044700009741	Meats & Meat Alternatives	Oscar Mayer	Bologna	
00044700023280	Meats & Meat Alternatives	Oscar Mayer	Bacon	
00044700030486	Meats & Meat Alternatives	Oscar Mayer	Ham	
00044700034071	Meats & Meat Alternatives	Oscar Mayer	Turkey	
00044700000632	Meats & Meat Alternatives	Oscar Mayer	Hot Dogs & Franks	
00044700074817	Meats & Meat Alternatives	Oscar Mayer	Bacon	
00044700059913	Meats & Meat Alternatives	Oscar Mayer	Bacon	
00044700087558	Meats & Meat Alternatives	Oscar Mayer	Ham	
00044700022689	Meats & Meat Alternatives	Oscar Mayer	Bacon	
00044700019887	Meats & Meat Alternatives	Oscar Mayer	Bacon	
00044700008652	Meats & Meat Alternatives	Oscar Mayer	Bologna	
00071871548601	Meats & Meat Alternatives	Oscar Mayer	Bacon	
00044700008676	Meats & Meat Alternatives	Oscar Mayer	Bologna	
00044700066621	Meats & Meat Alternatives	Oscar Mayer	Bacon	
00044700076484	Meats & Meat Alternatives	Oscar Mayer	Bacon	
00044700094945	Meats & Meat Alternatives	Oscar Mayer	Bacon	
00044700064412	Meats & Meat Alternatives	Oscar Mayer	Turkey	
00044700091739	Meats & Meat Alternatives	Oscar Mayer	Ham	
00044700000045	Meats & Meat Alternatives	Oscar Mayer	Hot Dogs & Franks	
00044700030394	Meats & Meat Alternatives	Oscar Mayer	Roast Beef	
00044700009833	Meats & Meat Alternatives	Oscar Mayer	Bologna	
00044700094457	Snacks, Cookies & Chips	Oscar Mayer	Snack Combos, Plates & Protein Packs	
00044700070147	Meats & Meat Alternatives	Oscar Mayer	Turkey	
00044700091432	Meats & Meat Alternatives	Oscar Mayer	Turkey	
00071871546683	Meats & Meat Alternatives	Oscar Mayer	Bologna	
00044700078914	Meats & Meat Alternatives	Oscar Mayer	Ham	
00044700023266	Meats & Meat Alternatives	Oscar Mayer	Chicken	
00044700008744	Meats & Meat Alternatives	Oscar Mayer	Bologna	
00044700073568	Meats & Meat Alternatives	Oscar Mayer	Bacon	
00044700034118	Meats & Meat Alternatives	Oscar Mayer	Turkey	
00044700094433	Snacks, Cookies & Chips	Oscar Mayer	Snack Combos, Plates & Protein Packs	
00044700008607	Meats & Meat Alternatives	Oscar Mayer	Bologna	
00071871542012	Meats & Meat Alternatives	Oscar Mayer	Turkey	
00044700008782	Meats & Meat Alternatives	Oscar Mayer	Bologna	
00044700002100	Meats & Meat Alternatives	Oscar Mayer	Hot Dogs & Franks	
00044700030707	Meats & Meat Alternatives	Oscar Mayer	Turkey	
00044700076644	Meats & Meat Alternatives	Oscar Mayer	Bacon	
00044700027738	Meats & Meat Alternatives	Oscar Mayer	Bacon	
00044700008812	Meats & Meat Alternatives	Oscar Mayer	Bologna	
00044700008577	Meats & Meat Alternatives	Oscar Mayer	Bologna	
00071871548748	Meats & Meat Alternatives	Oscar Mayer	Bacon	
00044700087350	Meats & Meat Alternatives	Oscar Mayer	Turkey	
00044700087374	Meats & Meat Alternatives	Oscar Mayer	Bacon	
00044700031483	Meats & Meat Alternatives	Oscar Mayer	Turkey	
00044700064207	Meats & Meat Alternatives	Oscar Mayer	Turkey	
00044700070666	Meats & Meat Alternatives	Oscar Mayer	Turkey	
00044700070642	Meats & Meat Alternatives	Oscar Mayer	Turkey	
00044700061909	Meats & Meat Alternatives	Oscar Mayer	Chicken	
00044700009895	Meats & Meat Alternatives	Oscar Mayer	Pepperoni & Salami	
00044700075111	Meats & Meat Alternatives	Oscar Mayer	Turkey	
00044700058640	Meats & Meat Alternatives	Oscar Mayer	Turkey	
00044700075098	Meats & Meat Alternatives	Oscar Mayer	Chicken	
00044700075050	Meats & Meat Alternatives	Oscar Mayer	Hot Dogs & Franks	
00044700097274	Meats & Meat Alternatives	Oscar Mayer	Chicken	
00044700069653	Meats & Meat Alternatives	Oscar Mayer	Turkey	
00044700071731	Meats & Meat Alternatives	Oscar Mayer	Ham	
00044700030998	Meats & Meat Alternatives	Oscar Mayer	Chicken	
00044700087602	Meats & Meat Alternatives	Oscar Mayer	Turkey	
00044700022894	Meats & Meat Alternatives	Oscar Mayer	Chicken	Prepared Chicken	
00044700019016	Meats & Meat Alternatives	Oscar Mayer	Ham	
00044700087565	Meats & Meat Alternatives	Oscar Mayer	Ham	
00044700087145	Meats & Meat Alternatives	Oscar Mayer	Roast Beef	
00044700010020	Meats & Meat Alternatives	Oscar Mayer	Ham	
00044700019238	Meats & Meat Alternatives	Oscar Mayer	Ham	
00044700033302	Meats & Meat Alternatives	Oscar Mayer	Turkey	
00044700073667	Meats & Meat Alternatives	Oscar Mayer	Hot Dogs & Franks	
00044700070581	Meats & Meat Alternatives	Oscar Mayer	Ham	
00044700079638	Meats & Meat Alternatives	Oscar Mayer	Chicken	
00044700075029	Meats & Meat Alternatives	Oscar Mayer	Hot Dogs & Franks	
00044700010419	Meats & Meat Alternatives	Oscar Mayer	Livers, Loafs & Sausages	
00071871544627	Meats & Meat Alternatives	Oscar Mayer	Hot Dogs & Franks	
00044700073377	Meats & Meat Alternatives	Oscar Mayer	Hot Dogs & Franks	
00044700019054	Meats & Meat Alternatives	Oscar Mayer	Ham	
00044700097281	Meats & Meat Alternatives	Oscar Mayer	Chicken	
00044700011201	Meats & Meat Alternatives	Oscar Mayer	Pepperoni & Salami	
00044700031728	Meats & Meat Alternatives	Oscar Mayer	Turkey	
00044700065327	Meats & Meat Alternatives	Oscar Mayer	Hot Dogs & Franks	
00044700063767	Meats & Meat Alternatives	Oscar Mayer	Hot Dogs & Franks	
00044700011843	Meats & Meat Alternatives	Oscar Mayer	Ham	
00044700007839	Meats & Meat Alternatives	Oscar Mayer	Hot Dogs & Franks	
00044700072806	Meats & Meat Alternatives	Oscar Mayer	Chicken	
00044700091821	Meats & Meat Alternatives	Oscar Mayer	Chicken	
00044700019030	Meats & Meat Alternatives	Oscar Mayer	Ham	
00044700075081	Meats & Meat Alternatives	Oscar Mayer	Ham	
00044700061473	Meats & Meat Alternatives	Oscar Mayer	Ham	
00044700079201	Meats & Meat Alternatives	Oscar Mayer	Turkey	
00044700022887	Meats & Meat Alternatives	Oscar Mayer	Chicken	Prepared Chicken	
00044700061893	Meats & Meat Alternatives	Oscar Mayer	Roast Beef	
00044700019108	Meats & Meat Alternatives	Oscar Mayer	Ham	
00044700009178	Meats & Meat Alternatives	Oscar Mayer	Livers, Loafs & Sausages	
00044700009550	Meats & Meat Alternatives	Oscar Mayer	Livers, Loafs & Sausages	
00044700072882	Meats & Meat Alternatives	Oscar Mayer	Turkey	
00044700012802	Meats & Meat Alternatives	Oscar Mayer	Livers, Loafs & Sausages	
00044700070673	Meats & Meat Alternatives	Oscar Mayer	Turkey	
00044700033791	Meats & Meat Alternatives	Oscar Mayer	Chicken	Prepared Chicken	
00044700064238	Meats & Meat Alternatives	Oscar Mayer	Turkey	
00044700058626	Meats & Meat Alternatives	Oscar Mayer	Turkey	
00044700072912	Meats & Meat Alternatives	Oscar Mayer	Turkey	
00044700075258	Meats & Meat Alternatives	Oscar Mayer	Chicken	Prepared Chicken	
00044700070604	Meats & Meat Alternatives	Oscar Mayer	Ham	
00044700076286	Meats & Meat Alternatives	Oscar Mayer	Chicken	
00044700075371	Meats & Meat Alternatives	Oscar Mayer	Chicken	Prepared Chicken	
00044700011652	Meats & Meat Alternatives	Oscar Mayer	Ham	
00044700074602	Meats & Meat Alternatives	Oscar Mayer	Ham	
00044700070628	Meats & Meat Alternatives	Oscar Mayer	Turkey	
00044700063774	Meats & Meat Alternatives	Oscar Mayer	Hot Dogs & Franks	
00044700033425	Meats & Meat Alternatives	Oscar Mayer	Ham	
00044700087442	Meats & Meat Alternatives	Oscar Mayer	Hot Dogs & Franks	
00044700079195	Meats & Meat Alternatives	Oscar Mayer	Chicken	
00044700031711	Meats & Meat Alternatives	Oscar Mayer	Ham	
00044700074343	Meats & Meat Alternatives	Oscar Mayer	Pepperoni & Salami	
00044700010907	Meats & Meat Alternatives	Oscar Mayer	Pepperoni & Salami	
00044700064221	Meats & Meat Alternatives	Oscar Mayer	Turkey	
00044700033364	Meats & Meat Alternatives	Oscar Mayer	Turkey	
00044700010006	Meats & Meat Alternatives	Oscar Mayer	Ham	
00044700061916	Meats & Meat Alternatives	Oscar Mayer	Turkey	
00044700009888	Meats & Meat Alternatives	Oscar Mayer	Pepperoni & Salami	
00044700070598	Meats & Meat Alternatives	Oscar Mayer	Ham	
00044700075104	Meats & Meat Alternatives	Oscar Mayer	Turkey	
00044700069646	Meats & Meat Alternatives	Oscar Mayer	Turkey	
00044700083413	Meats & Meat Alternatives	Oscar Mayer	Chicken	
00044700011287	Meats & Meat Alternatives	Oscar Mayer	Pepperoni & Salami	
00071871544726	Meats & Meat Alternatives	Oscar Mayer	Hot Dogs & Franks	
00044700070659	Meats & Meat Alternatives	Oscar Mayer	Turkey	
00044700009864	Meats & Meat Alternatives	Oscar Mayer	Pepperoni & Salami	
00044700070635	Meats & Meat Alternatives	Oscar Mayer	Turkey	
00044700061459	Meats & Meat Alternatives	Oscar Mayer	Turkey	
00071871546676	Meats & Meat Alternatives	Oscar Mayer	Pepperoni & Salami	
00071871544641	Meats & Meat Alternatives	Oscar Mayer	Hot Dogs & Franks	
00044700000533	Meats & Meat Alternatives	Oscar Mayer	Hot Dogs & Franks	
00044700011607	Meats & Meat Alternatives	Oscar Mayer	Ham	
00044700019009	Meats & Meat Alternatives	Oscar Mayer	Ham	
00044700071748	Meats & Meat Alternatives	Oscar Mayer	Turkey	
00044700033357	Meats & Meat Alternatives	Oscar Mayer	Chicken	
00044700007440	Meats & Meat Alternatives	Oscar Mayer	Hot Dogs & Franks	
00044700070574	Meats & Meat Alternatives	Oscar Mayer	Ham	
00044700064535	Meats & Meat Alternatives	Oscar Mayer	Ham	
00044700096994	Meats & Meat Alternatives	Oscar Mayer	Hot Dogs & Franks	
00044700096994	Meats & Meat Alternatives	Oscar Mayer	Hot Dogs & Franks	