***** Start time: 1551792604401
Total Products Count: 125
00029000017337
00029000023796
00029000024045
00029000023772
00029000024021
00029000016170
00029000017498
00029000023161
00029000023185
00029000021037
00029000023864
00029000021013
00029000019614
00029000011496
00029000019461
00029000078802
00029000019485
00029000016668
00029000073678
00029000020498
00029000073258
00029000012585
00029000018235
00029000072121
00029000079069
00029000016200
00029000072503
00029000023871
00029000019492
00029000072190
00029000016132
00029000071858
00029000018242
00029000021112
00029000020986
00029000078277
00029000017269
00029000023192
00029000076501
00029000012462
00029000021327
00029000016699
00029000078789
00029000019454
00029000010062
00029000019478
00029000016651
00029000024052
00029000073241
00029000021655
00029000074149
00029000078628
00029000017061
00029000014374
00029000020511
00029000073456
00029000023154
00029000023178
00029000016187
00029000021006
00029000071582
00029000016217
00029000020764
00029000018747
00029000010024
00029000023789
00029000021334
00029000075375
00029000090392
00029000023741
00029000077362
00029000024038
00029000019386
00029000059573
00029000079588
00029000016682
00029000020993
00029000016521
00029000016071
00029000019829
00029000016095
00029000093935
00029000021686
00029000019843
00029000019645
00029000074415
00029000017115
00029000076822
00029000015463
00029000010390
00029000075382
00029000073593
00029000017993
00029000013711
00029000021280
00029000016415
00029000016118
10029000023120
00029000019034
00029000074361
00029000071575
00029000072091
10029000023144
00029000076853
00029000016538
00029000073302
00029000016477
00029000016156
00029000012714
00029000021990
00029000017986
00029000019836
10029000023090
00029000010260
00029000019850
00029000016149
00029000020092
00029000072145
00029000021723
00029000075689
00029000016460
00029000016125
10029000023113
00029000016088
00029000074491
00029000074491
End time: 1551793165403