Running on port
 After Total length ==194
***** Start Time *****
2019-03-06T08:34:33.413Z
***** Total Products Count *****
194
Rating & Review Path: D:\Git\partnerkraftrecipes-mvn\productsheet\toXLS
sheetName: products-KraftRecipes-en
...Reading...
...Done...
Read row count: 2331
00044700021118
00044700072813
00044700009758
00044700011836
00044700002667
00044700073551
00044700021323
00044700091708
00044700091425
00044700030684
00071871548793
00044700008850
00044700096192
00044700019900
00044700030547
00044700094440
00044700064375
00044700068410
00044700067888
00044700022634
00044700063378
00044700009000
00044700020067
00044700076330
00044700076354
00044700031407
00044700091722
00044700030509
00044700008775
00044700019764
00044700076422
00044700022566
00044700009277
00044700092996
00044700096017
00044700070154
00044700073537
00044700031285
00044700029664
00044700032503
00044700078891
00044700030950
00044700075692
00044700087626
00044700030530
00071871000383
00044700011638
00044700096161
00044700064481
00044700031599
00044700032527
00044700019917
00044700010129
00044700066478
00044700008706
00044700096000
00044700009741
00044700023280
00044700030486
00044700034071
00044700000632
00044700074817
00044700059913
00044700087558
00044700022689
00044700019887
00044700008652
00071871548601
00044700008676
00044700066621
00044700076484
00044700094945
00044700064412
00044700091739
00044700000045
00044700030394
00044700009833
00044700094457
00044700070147
00044700091432
00071871546683
00044700078914
00044700023266
00044700008744
00044700073568
00044700034118
00044700094433
00044700008607
00071871542012
00044700008782
00044700002100
00044700030707
00044700076644
00044700027738
00044700008812
00044700008577
00071871548748
00044700087350
00044700087374
00044700031483
00044700064207
00044700070666
00044700070642
00044700061909
00044700009895
00044700075111
00044700058640
00044700075098
00044700075050
00044700097274
00044700069653
00044700071731
00044700030998
00044700087602
00044700022894
00044700019016
00044700087565
00044700087145
00044700010020
00044700019238
00044700033302
00044700073667
00044700070581
00044700079638
00044700075029
00044700010419
00071871544627
00044700073377
00044700019054
00044700097281
00044700011201
00044700031728
00044700065327
00044700063767
00044700011843
00044700007839
00044700072806
00044700091821
00044700019030
00044700075081
00044700061473
00044700079201
00044700022887
00044700061893
00044700019108
00044700009178
00044700009550
00044700072882
00044700012802
00044700070673
00044700033791
00044700064238
00044700058626
00044700072912
00044700075258
00044700070604
00044700076286
00044700075371
00044700011652
00044700074602
00044700070628
00044700063774
00044700033425
00044700087442
00044700079195
00044700031711
00044700074343
00044700010907
00044700064221
00044700033364
00044700010006
00044700061916
00044700009888
00044700070598
00044700075104
00044700069646
00044700083413
00044700011287
00071871544726
00044700070659
00044700009864
00044700070635
00044700061459
00071871546676
00071871544641
00044700000533
00044700011607
00044700019009
00044700071748
00044700033357
00044700007440
00044700070574
00044700064535
00044700096994
00044700096994
>>00044700096994
>>00044700096994
***** End Time *****
2019-03-06T08:47:16.717Z
