000000001	http://www.kraftrecipes.com/blog/author/kraft-recipes/	Kraft Recipes
000000002	http://www.kraftrecipes.com/blog/author/kraft-recipes/	Kraft Recipes
000000003	http://www.kraftrecipes.com/blog/author/kraft-recipes/	Kraft Recipes
000000004	http://www.kraftrecipes.com/blog/author/kraft-recipes/	Kraft Recipes
000000005	http://www.kraftrecipes.com/blog/author/kraft-recipes/	Kraft Recipes
000000006	http://www.kraftrecipes.com/blog/author/kraft-recipes/	Kraft Recipes
000000007	http://www.kraftrecipes.com/blog/author/kraft-recipes/	Kraft Recipes
000000008	http://www.kraftrecipes.com/blog/author/kraft-recipes/	Kraft Recipes
000000009	http://www.kraftrecipes.com/blog/author/kraft-recipes/	Kraft Recipes
000000010	http://www.kraftrecipes.com/blog/author/kraft-recipes/	Kraft Recipes
000000011	http://www.kraftrecipes.com/blog/author/kraft-recipes/	Kraft Recipes
000000012	http://www.kraftrecipes.com/blog/author/kraft-recipes/	Kraft Recipes
000000013	http://www.kraftrecipes.com/blog/author/christi-johnstone/	Christi Johnstone
000000014	http://www.kraftrecipes.com/blog/author/becca-thiele/	Becca Thiele
000000015	http://www.kraftrecipes.com/blog/author/kraft-recipes/	Kraft Recipes
000000016	http://www.kraftrecipes.com/blog/author/kraft-recipes/	Kraft Recipes
000000017	http://www.kraftrecipes.com/blog/author/kraft-recipes/	Kraft Recipes
000000018	http://www.kraftrecipes.com/blog/author/liz-mays/	Liz Mays
000000019	http://www.kraftrecipes.com/blog/author/kraft-recipes/	Kraft Recipes
000000020	http://www.kraftrecipes.com/blog/author/kraft-recipes/	Kraft Recipes
000000021	http://www.kraftrecipes.com/blog/author/kraft-recipes/	Kraft Recipes
000000022	http://www.kraftrecipes.com/blog/author/kraft-recipes/	Kraft Recipes
000000023	http://www.kraftrecipes.com/blog/author/kraft-recipes/	Kraft Recipes
000000024	http://www.kraftrecipes.com/blog/author/becca-thiele/	Becca Thiele
000000025	http://www.kraftrecipes.com/blog/author/christi-johnstone/	Christi Johnstone
000000026	http://www.kraftrecipes.com/blog/author/liz-mays/	Liz Mays
000000027	http://www.kraftrecipes.com/blog/author/kraft-recipes/	Kraft Recipes
000000028	http://www.kraftrecipes.com/blog/author/kraft-recipes/	Kraft Recipes
000000029	http://www.kraftrecipes.com/blog/author/kraft-recipes/	Kraft Recipes
000000030	http://www.kraftrecipes.com/blog/author/kraft-recipes/	Kraft Recipes
000000031	http://www.kraftrecipes.com/blog/author/kraft-recipes/	Kraft Recipes
000000032	http://www.kraftrecipes.com/blog/author/kraft-recipes/	Kraft Recipes
000000033	http://www.kraftrecipes.com/blog/author/kraft-recipes/	Kraft Recipes
000000034	http://www.kraftrecipes.com/blog/author/kraft-recipes/	Kraft Recipes
000000035	http://www.kraftrecipes.com/blog/author/kraft-recipes/	Kraft Recipes
000000036	http://www.kraftrecipes.com/blog/author/kraft-recipes/	Kraft Recipes
000000037	http://www.kraftrecipes.com/blog/author/kraft-recipes/	Kraft Recipes
000000038	http://www.kraftrecipes.com/blog/author/kraft-recipes/	Kraft Recipes
000000039	http://www.kraftrecipes.com/blog/author/kraft-recipes/	Kraft Recipes
000000040	http://www.kraftrecipes.com/blog/author/kraft-recipes/	Kraft Recipes
000000041	http://www.kraftrecipes.com/blog/author/kraft-recipes/	Kraft Recipes
000000042	http://www.kraftrecipes.com/blog/author/kraft-recipes/	Kraft Recipes
000000043	http://www.kraftrecipes.com/blog/author/kraft-recipes/	Kraft Recipes
000000044	http://www.kraftrecipes.com/blog/author/kraft-recipes/	Kraft Recipes
000000045	http://www.kraftrecipes.com/blog/author/kraft-recipes/	Kraft Recipes
000000046	http://www.kraftrecipes.com/blog/author/kraft-recipes/	Kraft Recipes
000000047	http://www.kraftrecipes.com/blog/author/kraft-recipes/	Kraft Recipes
000000048	http://www.kraftrecipes.com/blog/author/kraft-recipes/	Kraft Recipes
000000049	http://www.kraftrecipes.com/blog/author/kraft-recipes/	Kraft Recipes
000000050	http://www.kraftrecipes.com/blog/author/kraft-recipes/	Kraft Recipes
000000051	http://www.kraftrecipes.com/blog/author/kraft-recipes/	Kraft Recipes
000000052	http://www.kraftrecipes.com/blog/author/kraft-recipes/	Kraft Recipes
000000053	http://www.kraftrecipes.com/blog/author/kraft-recipes/	Kraft Recipes
000000054	http://www.kraftrecipes.com/blog/author/kraft-recipes/	Kraft Recipes
000000055	http://www.kraftrecipes.com/blog/author/kraft-recipes/	Kraft Recipes
000000056	http://www.kraftrecipes.com/blog/author/kraft-recipes/	Kraft Recipes
000000057	http://www.kraftrecipes.com/blog/author/kraft-recipes/	Kraft Recipes
000000058	http://www.kraftrecipes.com/blog/author/kraft-recipes/	Kraft Recipes
000000059	http://www.kraftrecipes.com/blog/author/kraft-recipes/	Kraft Recipes
000000060	http://www.kraftrecipes.com/blog/author/kraft-recipes/	Kraft Recipes
000000061	http://www.kraftrecipes.com/blog/author/kraft-recipes/	Kraft Recipes
000000062	http://www.kraftrecipes.com/blog/author/kraft-recipes/	Kraft Recipes
000000063	http://www.kraftrecipes.com/blog/author/kraft-recipes/	Kraft Recipes
000000064	http://www.kraftrecipes.com/blog/author/kraft-recipes/	Kraft Recipes
000000065	http://www.kraftrecipes.com/blog/author/kraft-recipes/	Kraft Recipes
000000066	http://www.kraftrecipes.com/blog/author/kraft-recipes/	Kraft Recipes
000000067	http://www.kraftrecipes.com/blog/author/kraft-recipes/	Kraft Recipes
000000068	http://www.kraftrecipes.com/blog/author/kraft-recipes/	Kraft Recipes
000000069	http://www.kraftrecipes.com/blog/author/kraft-recipes/	Kraft Recipes
000000070	http://www.kraftrecipes.com/blog/author/kraft-recipes/	Kraft Recipes
000000071	http://www.kraftrecipes.com/blog/author/kraft-recipes/	Kraft Recipes
000000072	http://www.kraftrecipes.com/blog/author/kraft-recipes/	Kraft Recipes
000000073	http://www.kraftrecipes.com/blog/author/kraft-recipes/	Kraft Recipes
000000074	http://www.kraftrecipes.com/blog/author/kraft-recipes/	Kraft Recipes
000000075	http://www.kraftrecipes.com/blog/author/kraft-recipes/	Kraft Recipes
000000076	http://www.kraftrecipes.com/blog/author/kraft-recipes/	Kraft Recipes
000000077	http://www.kraftrecipes.com/blog/author/kraft-recipes/	Kraft Recipes
000000078	http://www.kraftrecipes.com/blog/author/kraft-recipes/	Kraft Recipes
000000079	http://www.kraftrecipes.com/blog/author/kraft-recipes/	Kraft Recipes
000000080	http://www.kraftrecipes.com/blog/author/kraft-recipes/	Kraft Recipes
000000081	http://www.kraftrecipes.com/blog/author/kraft-recipes/	Kraft Recipes
000000082	http://www.kraftrecipes.com/blog/author/gina-lincicum/	Gina Lincicum
000000083	http://www.kraftrecipes.com/blog/author/kraft-recipes/	Kraft Recipes
000000084	http://www.kraftrecipes.com/blog/author/kraft-recipes/	Kraft Recipes
000000085	http://www.kraftrecipes.com/blog/author/kraft-recipes/	Kraft Recipes
000000086	http://www.kraftrecipes.com/blog/author/kraft-recipes/	Kraft Recipes
000000087	http://www.kraftrecipes.com/blog/author/kraft-recipes/	Kraft Recipes
000000088	http://www.kraftrecipes.com/blog/author/kraft-recipes/	Kraft Recipes
000000089	http://www.kraftrecipes.com/blog/author/kraft-recipes/	Kraft Recipes
000000090	http://www.kraftrecipes.com/blog/author/becky-tarala/	Becky Tarala
000000091	http://www.kraftrecipes.com/blog/author/heather-hands/	Heather Hands
000000092	http://www.kraftrecipes.com/blog/author/kraft-recipes/	Kraft Recipes
000000093	http://www.kraftrecipes.com/blog/author/kraft-recipes/	Kraft Recipes
000000094	http://www.kraftrecipes.com/blog/author/paula-jones/	Paula Jones
000000095	http://www.kraftrecipes.com/blog/author/nicole-washington/	Nicole Washington
000000096	http://www.kraftrecipes.com/blog/author/kraft-recipes/	Kraft Recipes
000000097	http://www.kraftrecipes.com/blog/author/kraft-recipes/	Kraft Recipes
000000098	http://www.kraftrecipes.com/blog/author/kraft-recipes/	Kraft Recipes
000000099	http://www.kraftrecipes.com/blog/author/kraft-recipes/	Kraft Recipes
000000100	http://www.kraftrecipes.com/blog/author/kraft-recipes/	Kraft Recipes
000000101	http://www.kraftrecipes.com/blog/author/kraft-recipes/	Kraft Recipes
000000102	http://www.kraftrecipes.com/blog/author/liz-mays/	Liz Mays
000000103	http://www.kraftrecipes.com/blog/author/julia-jolliff/	Julia Jolliff
000000104	http://www.kraftrecipes.com/blog/author/heather-hands/	Heather Hands
000000105	http://www.kraftrecipes.com/blog/author/kraft-recipes/	Kraft Recipes
000000106	http://www.kraftrecipes.com/blog/author/kraft-recipes/	Kraft Recipes
000000107	http://www.kraftrecipes.com/blog/author/kraft-recipes/	Kraft Recipes
000000108	http://www.kraftrecipes.com/blog/author/angie-mcgowan/	Angie McGowan
000000109	http://www.kraftrecipes.com/blog/author/penelope-guzman/	Penelope Guzman
000000110	http://www.kraftrecipes.com/blog/author/susan-whetzel/	Susan Whetzel
000000111	http://www.kraftrecipes.com/blog/author/emilie-pianfetti/	Emilie Pianfetti
000000112	http://www.kraftrecipes.com/blog/author/tracey-harrelson/	Tracey Harrelson
000000113	http://www.kraftrecipes.com/blog/author/kraft-recipes/	Kraft Recipes
000000114	http://www.kraftrecipes.com/blog/author/meagan-wied/	Meagan Wied
000000115	http://www.kraftrecipes.com/blog/author/kraft-recipes/	Kraft Recipes
000000116	http://www.kraftrecipes.com/blog/author/kraft-recipes/	Kraft Recipes
000000117	http://www.kraftrecipes.com/blog/author/angela-sanchez-robles/	Angela Sanchez-Robles
000000118	http://www.kraftrecipes.com/blog/author/paula-jones/	Paula Jones
000000119	http://www.kraftrecipes.com/blog/author/kraft-recipes/	Kraft Recipes
000000120	http://www.kraftrecipes.com/blog/author/kraft-recipes/	Kraft Recipes
000000121	http://www.kraftrecipes.com/blog/author/kraft-recipes/	Kraft Recipes
000000122	http://www.kraftrecipes.com/blog/author/carrie-robinson/	Carrie Robinson
000000123	http://www.kraftrecipes.com/blog/author/kraft-recipes/	Kraft Recipes
000000124	http://www.kraftrecipes.com/blog/author/kraft-recipes/	Kraft Recipes
000000125	http://www.kraftrecipes.com/blog/author/kraft-recipes/	Kraft Recipes
000000126	http://www.kraftrecipes.com/blog/author/kraft-recipes/	Kraft Recipes
000000127	http://www.kraftrecipes.com/blog/author/paula-jones/	Paula Jones
000000128	http://www.kraftrecipes.com/blog/author/kraft-recipes/	Kraft Recipes
000000129	http://www.kraftrecipes.com/blog/author/tracey-harrelson/	Tracey Harrelson
000000130	http://www.kraftrecipes.com/blog/author/kraft-recipes/	Kraft Recipes
000000131	http://www.kraftrecipes.com/blog/author/becky-tarala/	Becky Tarala
000000132	http://www.kraftrecipes.com/blog/author/kraft-recipes/	Kraft Recipes
000000133	http://www.kraftrecipes.com/blog/author/emilie-pianfetti/	Emilie Pianfetti
000000134	http://www.kraftrecipes.com/blog/author/becky-tarala/	Becky Tarala
000000135	http://www.kraftrecipes.com/blog/author/heather-hands/	Heather Hands
000000136	http://www.kraftrecipes.com/blog/author/meagan-wied/	Meagan Wied
000000137	http://www.kraftrecipes.com/blog/author/kraft-recipes/	Kraft Recipes
000000138	http://www.kraftrecipes.com/blog/author/julia-jolliff/	Julia Jolliff
000000139	http://www.kraftrecipes.com/blog/author/gina-lincicum/	Gina Lincicum
000000140	http://www.kraftrecipes.com/blog/author/carrie-robinson/	Carrie Robinson
000000141	http://www.kraftrecipes.com/blog/author/kraft-recipes/	Kraft Recipes
000000142	http://www.kraftrecipes.com/blog/author/kraft-recipes/	Kraft Recipes
000000143	http://www.kraftrecipes.com/blog/author/kraft-recipes/	Kraft Recipes
000000144	http://www.kraftrecipes.com/blog/author/kraft-recipes/	Kraft Recipes
000000145	http://www.kraftrecipes.com/blog/author/liz-mays/	Liz Mays
000000146	http://www.kraftrecipes.com/blog/author/kraft-recipes/	Kraft Recipes
000000147	http://www.kraftrecipes.com/blog/author/nicole-washington/	Nicole Washington
000000148	http://www.kraftrecipes.com/blog/author/kraft-recipes/	Kraft Recipes
000000149	http://www.kraftrecipes.com/blog/author/kraft-recipes/	Kraft Recipes
000000150	http://www.kraftrecipes.com/blog/author/kraft-recipes/	Kraft Recipes
000000151	http://www.kraftrecipes.com/blog/author/kraft-recipes/	Kraft Recipes
000000152	http://www.kraftrecipes.com/blog/author/liz-mays/	Liz Mays
000000153	http://www.kraftrecipes.com/blog/author/kraft-recipes/	Kraft Recipes
000000154	http://www.kraftrecipes.com/blog/author/penelope-guzman/	Penelope Guzman
000000155	http://www.kraftrecipes.com/blog/author/kraft-recipes/	Kraft Recipes
000000156	http://www.kraftrecipes.com/blog/author/susan-whetzel/	Susan Whetzel
000000157	http://www.kraftrecipes.com/blog/author/heather-hands/	Heather Hands
000000158	http://www.kraftrecipes.com/blog/author/kraft-recipes/	Kraft Recipes
000000159	http://www.kraftrecipes.com/blog/author/kraft-recipes/	Kraft Recipes
000000160	http://www.kraftrecipes.com/blog/author/meagan-wied/	Meagan Wied
000000161	http://www.kraftrecipes.com/blog/author/penelope-guzman/	Penelope Guzman
000000162	http://www.kraftrecipes.com/blog/author/angela-sanchez-robles/	Angela Sanchez-Robles
000000163	http://www.kraftrecipes.com/blog/author/angela-sanchez-robles/	Angela Sanchez-Robles
000000164	http://www.kraftrecipes.com/blog/author/kraft-recipes/	Kraft Recipes
000000165	http://www.kraftrecipes.com/blog/author/kraft-recipes/	Kraft Recipes
000000166	http://www.kraftrecipes.com/blog/author/gina-lincicum/	Gina Lincicum
000000167	http://www.kraftrecipes.com/blog/author/kraft-recipes/	Kraft Recipes
000000168	http://www.kraftrecipes.com/blog/author/carrie-robinson/	Carrie Robinson
000000169	http://www.kraftrecipes.com/blog/author/angie-mcgowan/	Angie McGowan
000000170	http://www.kraftrecipes.com/blog/author/tracey-harrelson/	Tracey Harrelson
000000171	http://www.kraftrecipes.com/blog/author/kraft-recipes/	Kraft Recipes
000000172	http://www.kraftrecipes.com/blog/author/kraft-recipes/	Kraft Recipes
000000173	http://www.kraftrecipes.com/blog/author/julia-jolliff/	Julia Jolliff
000000174	http://www.kraftrecipes.com/blog/author/emilie-pianfetti/	Emilie Pianfetti
000000175	http://www.kraftrecipes.com/blog/author/gina-lincicum/	Gina Lincicum
000000176	http://www.kraftrecipes.com/blog/author/becky-tarala/	Becky Tarala
000000177	http://www.kraftrecipes.com/blog/author/kraft-recipes/	Kraft Recipes
000000178	http://www.kraftrecipes.com/blog/author/kraft-recipes/	Kraft Recipes
000000179	http://www.kraftrecipes.com/blog/author/kraft-recipes/	Kraft Recipes
000000180	http://www.kraftrecipes.com/blog/author/kraft-recipes/	Kraft Recipes
000000181	http://www.kraftrecipes.com/blog/author/kraft-recipes/	Kraft Recipes
000000182	http://www.kraftrecipes.com/blog/author/meagan-wied/	Meagan Wied
000000183	http://www.kraftrecipes.com/blog/author/carrie-robinson/	Carrie Robinson
000000184	http://www.kraftrecipes.com/blog/author/angie-mcgowan/	Angie McGowan
000000185	http://www.kraftrecipes.com/blog/author/liz-mays/	Liz Mays
000000186	http://www.kraftrecipes.com/blog/author/heather-hands/	Heather Hands
000000187	http://www.kraftrecipes.com/blog/author/tracey-harrelson/	Tracey Harrelson
000000188	http://www.kraftrecipes.com/blog/author/nicole-washington/	Nicole Washington
000000189	http://www.kraftrecipes.com/blog/author/emilie-pianfetti/	Emilie Pianfetti
000000190	http://www.kraftrecipes.com/blog/author/kraft-recipes/	Kraft Recipes
000000191	http://www.kraftrecipes.com/blog/author/kraft-recipes/	Kraft Recipes
000000192	http://www.kraftrecipes.com/blog/author/kraft-recipes/	Kraft Recipes
000000193	http://www.kraftrecipes.com/blog/author/becky-tarala/	Becky Tarala
000000194	http://www.kraftrecipes.com/blog/author/kraft-recipes/	Kraft Recipes
000000195	http://www.kraftrecipes.com/blog/author/kraft-recipes/	Kraft Recipes
000000196	http://www.kraftrecipes.com/blog/author/nicole-washington/	Nicole Washington
000000197	http://www.kraftrecipes.com/blog/author/angela-sanchez-robles/	Angela Sanchez-Robles
000000198	http://www.kraftrecipes.com/blog/author/julia-jolliff/	Julia Jolliff
000000199	http://www.kraftrecipes.com/blog/author/kraft-recipes/	Kraft Recipes
000000200	http://www.kraftrecipes.com/blog/author/kraft-recipes/	Kraft Recipes
000000201	http://www.kraftrecipes.com/blog/author/kraft-recipes/	Kraft Recipes
000000202	http://www.kraftrecipes.com/blog/author/kraft-recipes/	Kraft Recipes
000000203	http://www.kraftrecipes.com/blog/author/kraft-recipes/	Kraft Recipes
000000204	http://www.kraftrecipes.com/blog/author/kraft-recipes/	Kraft Recipes
000000205	http://www.kraftrecipes.com/blog/author/kraft-recipes/	Kraft Recipes
000000206	http://www.kraftrecipes.com/blog/author/heather-hands/	Heather Hands
000000207	http://www.kraftrecipes.com/blog/author/liz-mays/	Liz Mays
000000208	http://www.kraftrecipes.com/blog/author/kraft-recipes/	Kraft Recipes
000000209	http://www.kraftrecipes.com/blog/author/kraft-recipes/	Kraft Recipes
000000210	http://www.kraftrecipes.com/blog/author/julia-jolliff/	Julia Jolliff
000000211	http://www.kraftrecipes.com/blog/author/kraft-recipes/	Kraft Recipes
000000212	http://www.kraftrecipes.com/blog/author/kraft-recipes/	Kraft Recipes
000000213	http://www.kraftrecipes.com/blog/author/penelope-guzman/	Penelope Guzman
000000214	http://www.kraftrecipes.com/blog/author/kraft-recipes/	Kraft Recipes
000000215	http://www.kraftrecipes.com/blog/author/meagan-wied/	Meagan Wied
000000216	http://www.kraftrecipes.com/blog/author/carrie-robinson/	Carrie Robinson
000000217	http://www.kraftrecipes.com/blog/author/tracey-harrelson/	Tracey Harrelson
000000218	http://www.kraftrecipes.com/blog/author/angela-sanchez-robles/	Angela Sanchez-Robles
000000219	http://www.kraftrecipes.com/blog/author/nicole-washington/	Nicole Washington
000000220	http://www.kraftrecipes.com/blog/author/emilie-pianfetti/	Emilie Pianfetti
000000221	http://www.kraftrecipes.com/blog/author/gina-lincicum/	Gina Lincicum
000000222	http://www.kraftrecipes.com/blog/author/kraft-recipes/	Kraft Recipes
000000223	http://www.kraftrecipes.com/blog/author/kraft-recipes/	Kraft Recipes
000000224	http://www.kraftrecipes.com/blog/author/kraft-recipes/	Kraft Recipes
000000225	http://www.kraftrecipes.com/blog/author/gina-lincicum/	Gina Lincicum
000000226	http://www.kraftrecipes.com/blog/author/kraft-recipes/	Kraft Recipes
000000227	http://www.kraftrecipes.com/blog/author/gina-lincicum/	Gina Lincicum
000000228	http://www.kraftrecipes.com/blog/author/kraft-recipes/	Kraft Recipes
000000229	http://www.kraftrecipes.com/blog/author/kraft-recipes/	Kraft Recipes
000000230	http://www.kraftrecipes.com/blog/author/kraft-recipes/	Kraft Recipes
000000231	http://www.kraftrecipes.com/blog/author/kraft-recipes/	Kraft Recipes
000000232	http://www.kraftrecipes.com/blog/author/tracey-harrelson/	Tracey Harrelson
000000233	http://www.kraftrecipes.com/blog/author/kraft-recipes/	Kraft Recipes
000000234	http://www.kraftrecipes.com/blog/author/kraft-recipes/	Kraft Recipes
000000235	http://www.kraftrecipes.com/blog/author/kraft-recipes/	Kraft Recipes
000000236	http://www.kraftrecipes.com/blog/author/kraft-recipes/	Kraft Recipes
000000237	http://www.kraftrecipes.com/blog/author/angela-sanchez-robles/	Angela Sanchez-Robles
000000238	http://www.kraftrecipes.com/blog/author/angie-mcgowan/	Angie McGowan
000000239	http://www.kraftrecipes.com/blog/author/penelope-guzman/	Penelope Guzman
000000240	http://www.kraftrecipes.com/blog/author/liz-mays/	Liz Mays
000000241	http://www.kraftrecipes.com/blog/author/heather-hands/	Heather Hands
000000242	http://www.kraftrecipes.com/blog/author/carrie-robinson/	Carrie Robinson
000000243	http://www.kraftrecipes.com/blog/author/meagan-wied/	Meagan Wied
000000244	http://www.kraftrecipes.com/blog/author/becky-tarala/	Becky Tarala
000000245	http://www.kraftrecipes.com/blog/author/angie-mcgowan/	Angie McGowan
000000246	http://www.kraftrecipes.com/blog/author/kraft-recipes/	Kraft Recipes
000000247	http://www.kraftrecipes.com/blog/author/becky-tarala/	Becky Tarala
000000248	http://www.kraftrecipes.com/blog/author/meagan-wied/	Meagan Wied
000000249	http://www.kraftrecipes.com/blog/author/tracey-harrelson/	Tracey Harrelson
000000250	http://www.kraftrecipes.com/blog/author/nicole-washington/	Nicole Washington
000000251	http://www.kraftrecipes.com/blog/author/kraft-recipes/	Kraft Recipes
000000252	http://www.kraftrecipes.com/blog/author/kraft-recipes/	Kraft Recipes
000000253	http://www.kraftrecipes.com/blog/author/liz-mays/	Liz Mays
000000254	http://www.kraftrecipes.com/blog/author/kraft-recipes/	Kraft Recipes
000000255	http://www.kraftrecipes.com/blog/author/julia-jolliff/	Julia Jolliff
000000256	http://www.kraftrecipes.com/blog/author/penelope-guzman/	Penelope Guzman
000000257	http://www.kraftrecipes.com/blog/author/kraft-recipes/	Kraft Recipes
000000258	http://www.kraftrecipes.com/blog/author/gina-lincicum/	Gina Lincicum
000000259	http://www.kraftrecipes.com/blog/author/carrie-robinson/	Carrie Robinson
000000260	http://www.kraftrecipes.com/blog/author/heather-hands/	Heather Hands
000000261	http://www.kraftrecipes.com/blog/author/kraft-recipes/	Kraft Recipes
000000262	http://www.kraftrecipes.com/blog/author/kraft-recipes/	Kraft Recipes
000000263	http://www.kraftrecipes.com/blog/author/angela-sanchez-robles/	Angela Sanchez-Robles
000000264	http://www.kraftrecipes.com/blog/author/kraft-recipes/	Kraft Recipes
000000265	http://www.kraftrecipes.com/blog/author/kraft-recipes/	Kraft Recipes
000000266	http://www.kraftrecipes.com/blog/author/laura-powell/	Laura Powell
000000267	http://www.kraftrecipes.com/blog/author/kraft-recipes/	Kraft Recipes
000000268	http://www.kraftrecipes.com/blog/author/kraft-recipes/	Kraft Recipes
000000269	http://www.kraftrecipes.com/blog/author/kraft-recipes/	Kraft Recipes
000000270	http://www.kraftrecipes.com/blog/author/georgia-johnson/	Georgia Johnson
000000271	http://www.kraftrecipes.com/blog/author/tieghan-gerard/	Tieghan Gerard
000000272	http://www.kraftrecipes.com/blog/author/kraft-recipes/	Kraft Recipes
000000273	http://www.kraftrecipes.com/blog/author/kraft-recipes/	Kraft Recipes
000000274	http://www.kraftrecipes.com/blog/author/crissy-page/	Crissy Page
000000275	http://www.kraftrecipes.com/blog/author/kraft-recipes/	Kraft Recipes
000000276	http://www.kraftrecipes.com/blog/author/kraft-recipes/	Kraft Recipes
000000277	http://www.kraftrecipes.com/blog/author/laura-powell/	Laura Powell
000000278	http://www.kraftrecipes.com/blog/author/crissy-page/	Crissy Page
000000279	http://www.kraftrecipes.com/blog/author/tieghan-gerard/	Tieghan Gerard
